<?xml version="1.0" encoding="UTF-8"?>
<!-- Generated by org.testng.reporters.JUnitReportReporter -->
<testsuite hostname="DESKTOP-2M554LG" failures="0" tests="1" name="Flipkart_Tests.FlipkartTest" time="16.597" errors="0" timestamp="2024-03-11T01:48:13 IST" skipped="0">
  <testcase classname="Flipkart_Tests.FlipkartTest" name="SearchProduct" time="16.597"/>
  <system-out/>
</testsuite> <!-- Flipkart_Tests.FlipkartTest -->
